# JRE version: OpenJDK Runtime Environment (8.0_152-b01) (build 1.8.0_152-release-1343-b01)
# Java VM: OpenJDK 64-Bit Server VM (25.152-b01 mixed mode windows-amd64 compressed oops)
Heap:
 PSYoungGen      total 383488K, used 37650K [0x00000000e0000000, 0x00000000fd880000, 0x0000000100000000)
  eden space 309760K, 8% used [0x00000000e0000000,0x00000000e1a24c60,0x00000000f2e80000)
  from space 73728K, 14% used [0x00000000f2e80000,0x00000000f391ff98,0x00000000f7680000)
  to   space 71168K, 0% used [0x00000000f9300000,0x00000000f9300000,0x00000000fd880000)
 ParOldGen       total 142336K, used 87581K [0x00000000a0000000, 0x00000000a8b00000, 0x00000000e0000000)
  object space 142336K, 61% used [0x00000000a0000000,0x00000000a55874a8,0x00000000a8b00000)
 Metaspace       used 91124K, capacity 94488K, committed 94616K, reserved 1132544K
  class space    used 11492K, capacity 12138K, committed 12200K, reserved 1048576K
GC Heap History (10 events):
Event: 83.796 GC heap before
{Heap before GC invocations=22 (full 4):
 PSYoungGen      total 324608K, used 49120K [0x00000000e0000000, 0x00000000f8b00000, 0x0000000100000000)
  eden space 275456K, 0% used [0x00000000e0000000,0x00000000e0000000,0x00000000f0d00000)
  from space 49152K, 99% used [0x00000000f5b00000,0x00000000f8af80b0,0x00000000f8b00000)
  to   space 33792K, 0% used [0x00000000f0d00000,0x00000000f0d00000,0x00000000f2e00000)
 ParOldGen       total 142336K, used 142252K [0x00000000a0000000, 0x00000000a8b00000, 0x00000000e0000000)
  object space 142336K, 99% used [0x00000000a0000000,0x00000000a8aeb048,0x00000000a8b00000)
 Metaspace       used 86722K, capacity 89780K, committed 89880K, reserved 1128448K
  class space    used 10955K, capacity 11550K, committed 11560K, reserved 1048576K
Event: 84.571 GC heap after
Heap after GC invocations=22 (full 4):
 PSYoungGen      total 324608K, used 13265K [0x00000000e0000000, 0x00000000f8b00000, 0x0000000100000000)
  eden space 275456K, 0% used [0x00000000e0000000,0x00000000e0000000,0x00000000f0d00000)
  from space 49152K, 26% used [0x00000000f5b00000,0x00000000f67f4478,0x00000000f8b00000)
  to   space 33792K, 0% used [0x00000000f0d00000,0x00000000f0d00000,0x00000000f2e00000)
 ParOldGen       total 142336K, used 142212K [0x00000000a0000000, 0x00000000a8b00000, 0x00000000e0000000)
  object space 142336K, 99% used [0x00000000a0000000,0x00000000a8ae1190,0x00000000a8b00000)
 Metaspace       used 86522K, capacity 89236K, committed 89880K, reserved 1128448K
  class space    used 10887K, capacity 11430K, committed 11560K, reserved 1048576K
}
Event: 88.903 GC heap before
{Heap before GC invocations=23 (full 5):
 PSYoungGen      total 324608K, used 140616K [0x00000000e0000000, 0x00000000f8b00000, 0x0000000100000000)
  eden space 275456K, 46% used [0x00000000e0000000,0x00000000e7c5df38,0x00000000f0d00000)
  from space 49152K, 26% used [0x00000000f5b00000,0x00000000f67f4478,0x00000000f8b00000)
  to   space 33792K, 0% used [0x00000000f0d00000,0x00000000f0d00000,0x00000000f2e00000)
 ParOldGen       total 142336K, used 142212K [0x00000000a0000000, 0x00000000a8b00000, 0x00000000e0000000)
  object space 142336K, 99% used [0x00000000a0000000,0x00000000a8ae1190,0x00000000a8b00000)
 Metaspace       used 87898K, capacity 90728K, committed 91160K, reserved 1132544K
  class space    used 11072K, capacity 11648K, committed 11816K, reserved 1048576K
Event: 89.050 GC heap after
Heap after GC invocations=23 (full 5):
 PSYoungGen      total 324608K, used 0K [0x00000000e0000000, 0x00000000f8b00000, 0x0000000100000000)
  eden space 275456K, 0% used [0x00000000e0000000,0x00000000e0000000,0x00000000f0d00000)
  from space 49152K, 0% used [0x00000000f5b00000,0x00000000f5b00000,0x00000000f8b00000)
  to   space 33792K, 0% used [0x00000000f0d00000,0x00000000f0d00000,0x00000000f2e00000)
 ParOldGen       total 142336K, used 87557K [0x00000000a0000000, 0x00000000a8b00000, 0x00000000e0000000)
  object space 142336K, 61% used [0x00000000a0000000,0x00000000a55814a8,0x00000000a8b00000)
 Metaspace       used 87898K, capacity 90728K, committed 91160K, reserved 1130496K
  class space    used 11072K, capacity 11648K, committed 11816K, reserved 1048576K
}
Event: 205.091 GC heap before
{Heap before GC invocations=24 (full 5):
 PSYoungGen      total 324608K, used 275456K [0x00000000e0000000, 0x00000000f8b00000, 0x0000000100000000)
  eden space 275456K, 100% used [0x00000000e0000000,0x00000000f0d00000,0x00000000f0d00000)
  from space 49152K, 0% used [0x00000000f5b00000,0x00000000f5b00000,0x00000000f8b00000)
  to   space 33792K, 0% used [0x00000000f0d00000,0x00000000f0d00000,0x00000000f2e00000)
 ParOldGen       total 142336K, used 87557K [0x00000000a0000000, 0x00000000a8b00000, 0x00000000e0000000)
  object space 142336K, 61% used [0x00000000a0000000,0x00000000a55814a8,0x00000000a8b00000)
 Metaspace       used 90561K, capacity 93650K, committed 93848K, reserved 1132544K
  class space    used 11462K, capacity 12087K, committed 12200K, reserved 1048576K
Event: 205.101 GC heap after
Heap after GC invocations=24 (full 5):
 PSYoungGen      total 309248K, used 7413K [0x00000000e0000000, 0x00000000fc980000, 0x0000000100000000)
  eden space 275456K, 0% used [0x00000000e0000000,0x00000000e0000000,0x00000000f0d00000)
  from space 33792K, 21% used [0x00000000f0d00000,0x00000000f143d588,0x00000000f2e00000)
  to   space 76288K, 0% used [0x00000000f7f00000,0x00000000f7f00000,0x00000000fc980000)
 ParOldGen       total 142336K, used 87565K [0x00000000a0000000, 0x00000000a8b00000, 0x00000000e0000000)
  object space 142336K, 61% used [0x00000000a0000000,0x00000000a55834a8,0x00000000a8b00000)
 Metaspace       used 90561K, capacity 93650K, committed 93848K, reserved 1132544K
  class space    used 11462K, capacity 12087K, committed 12200K, reserved 1048576K
}
Event: 212.244 GC heap before
{Heap before GC invocations=25 (full 5):
 PSYoungGen      total 309248K, used 282869K [0x00000000e0000000, 0x00000000fc980000, 0x0000000100000000)
  eden space 275456K, 100% used [0x00000000e0000000,0x00000000f0d00000,0x00000000f0d00000)
  from space 33792K, 21% used [0x00000000f0d00000,0x00000000f143d588,0x00000000f2e00000)
  to   space 76288K, 0% used [0x00000000f7f00000,0x00000000f7f00000,0x00000000fc980000)
 ParOldGen       total 142336K, used 87565K [0x00000000a0000000, 0x00000000a8b00000, 0x00000000e0000000)
  object space 142336K, 61% used [0x00000000a0000000,0x00000000a55834a8,0x00000000a8b00000)
 Metaspace       used 90785K, capacity 94028K, committed 94360K, reserved 1132544K
  class space    used 11472K, capacity 12106K, committed 12200K, reserved 1048576K
Event: 212.259 GC heap after
Heap after GC invocations=25 (full 5):
 PSYoungGen      total 374784K, used 10895K [0x00000000e0000000, 0x00000000fbe80000, 0x0000000100000000)
  eden space 309760K, 0% used [0x00000000e0000000,0x00000000e0000000,0x00000000f2e80000)
  from space 65024K, 16% used [0x00000000f7f00000,0x00000000f89a3ff8,0x00000000fbe80000)
  to   space 73728K, 0% used [0x00000000f2e80000,0x00000000f2e80000,0x00000000f7680000)
 ParOldGen       total 142336K, used 87573K [0x00000000a0000000, 0x00000000a8b00000, 0x00000000e0000000)
  object space 142336K, 61% used [0x00000000a0000000,0x00000000a55854a8,0x00000000a8b00000)
 Metaspace       used 90785K, capacity 94028K, committed 94360K, reserved 1132544K
  class space    used 11472K, capacity 12106K, committed 12200K, reserved 1048576K
}
Event: 318.664 GC heap before
{Heap before GC invocations=26 (full 5):
 PSYoungGen      total 374784K, used 320655K [0x00000000e0000000, 0x00000000fbe80000, 0x0000000100000000)
  eden space 309760K, 100% used [0x00000000e0000000,0x00000000f2e80000,0x00000000f2e80000)
  from space 65024K, 16% used [0x00000000f7f00000,0x00000000f89a3ff8,0x00000000fbe80000)
  to   space 73728K, 0% used [0x00000000f2e80000,0x00000000f2e80000,0x00000000f7680000)
 ParOldGen       total 142336K, used 87573K [0x00000000a0000000, 0x00000000a8b00000, 0x00000000e0000000)
  object space 142336K, 61% used [0x00000000a0000000,0x00000000a55854a8,0x00000000a8b00000)
 Metaspace       used 91113K, capacity 94488K, committed 94616K, reserved 1132544K
  class space    used 11492K, capacity 12138K, committed 12200K, reserved 1048576K
Event: 318.682 GC heap after
Heap after GC invocations=26 (full 5):
 PSYoungGen      total 383488K, used 10879K [0x00000000e0000000, 0x00000000fd880000, 0x0000000100000000)
  eden space 309760K, 0% used [0x00000000e0000000,0x00000000e0000000,0x00000000f2e80000)
  from space 73728K, 14% used [0x00000000f2e80000,0x00000000f391ff98,0x00000000f7680000)
  to   space 71168K, 0% used [0x00000000f9300000,0x00000000f9300000,0x00000000fd880000)
 ParOldGen       total 142336K, used 87581K [0x00000000a0000000, 0x00000000a8b00000, 0x00000000e0000000)
  object space 142336K, 61% used [0x00000000a0000000,0x00000000a55874a8,0x00000000a8b00000)
 Metaspace       used 91113K, capacity 94488K, committed 94616K, reserved 1132544K
  class space    used 11492K, capacity 12138K, committed 12200K, reserved 1048576K
}

