# JRE version: OpenJDK Runtime Environment (8.0_152-b01) (build 1.8.0_152-release-1343-b01)
# Java VM: OpenJDK 64-Bit Server VM (25.152-b01 mixed mode windows-amd64 compressed oops)
Heap:
 PSYoungGen      total 271360K, used 59640K [0x00000000e0000000, 0x00000000f4700000, 0x0000000100000000)
  eden space 238080K, 13% used [0x00000000e0000000,0x00000000e1e913f0,0x00000000ee880000)
  from space 33280K, 85% used [0x00000000ee880000,0x00000000f042cc38,0x00000000f0900000)
  to   space 36352K, 0% used [0x00000000f2380000,0x00000000f2380000,0x00000000f4700000)
 ParOldGen       total 200192K, used 58623K [0x00000000a0000000, 0x00000000ac380000, 0x00000000e0000000)
  object space 200192K, 29% used [0x00000000a0000000,0x00000000a393fc60,0x00000000ac380000)
 Metaspace       used 95972K, capacity 98997K, committed 101400K, reserved 1136640K
  class space    used 12425K, capacity 13044K, committed 13592K, reserved 1048576K
GC Heap History (10 events):
Event: 43.621 GC heap before
{Heap before GC invocations=19 (full 3):
 PSYoungGen      total 243200K, used 243188K [0x00000000e0000000, 0x00000000f3880000, 0x0000000100000000)
  eden space 220672K, 100% used [0x00000000e0000000,0x00000000ed780000,0x00000000ed780000)
  from space 22528K, 99% used [0x00000000ed780000,0x00000000eed7d2e8,0x00000000eed80000)
  to   space 29696K, 0% used [0x00000000f1b80000,0x00000000f1b80000,0x00000000f3880000)
 ParOldGen       total 132608K, used 58072K [0x00000000a0000000, 0x00000000a8180000, 0x00000000e0000000)
  object space 132608K, 43% used [0x00000000a0000000,0x00000000a38b6058,0x00000000a8180000)
 Metaspace       used 81151K, capacity 84339K, committed 84632K, reserved 1122304K
  class space    used 10615K, capacity 11337K, committed 11416K, reserved 1048576K
Event: 43.656 GC heap after
Heap after GC invocations=19 (full 3):
 PSYoungGen      total 280064K, used 16254K [0x00000000e0000000, 0x00000000f3300000, 0x0000000100000000)
  eden space 256000K, 0% used [0x00000000e0000000,0x00000000e0000000,0x00000000efa00000)
  from space 24064K, 67% used [0x00000000f1b80000,0x00000000f2b5f810,0x00000000f3300000)
  to   space 29184K, 0% used [0x00000000efa00000,0x00000000efa00000,0x00000000f1680000)
 ParOldGen       total 132608K, used 79144K [0x00000000a0000000, 0x00000000a8180000, 0x00000000e0000000)
  object space 132608K, 59% used [0x00000000a0000000,0x00000000a4d4a0a0,0x00000000a8180000)
 Metaspace       used 81151K, capacity 84339K, committed 84632K, reserved 1122304K
  class space    used 10615K, capacity 11337K, committed 11416K, reserved 1048576K
}
Event: 3751.580 GC heap before
{Heap before GC invocations=20 (full 3):
 PSYoungGen      total 280064K, used 272254K [0x00000000e0000000, 0x00000000f3300000, 0x0000000100000000)
  eden space 256000K, 100% used [0x00000000e0000000,0x00000000efa00000,0x00000000efa00000)
  from space 24064K, 67% used [0x00000000f1b80000,0x00000000f2b5f810,0x00000000f3300000)
  to   space 29184K, 0% used [0x00000000efa00000,0x00000000efa00000,0x00000000f1680000)
 ParOldGen       total 132608K, used 79144K [0x00000000a0000000, 0x00000000a8180000, 0x00000000e0000000)
  object space 132608K, 59% used [0x00000000a0000000,0x00000000a4d4a0a0,0x00000000a8180000)
 Metaspace       used 90668K, capacity 94423K, committed 94616K, reserved 1130496K
  class space    used 11806K, capacity 12624K, committed 12696K, reserved 1048576K
Event: 3751.615 GC heap after
Heap after GC invocations=20 (full 3):
 PSYoungGen      total 273920K, used 26704K [0x00000000e0000000, 0x00000000f3100000, 0x0000000100000000)
  eden space 246784K, 0% used [0x00000000e0000000,0x00000000e0000000,0x00000000ef100000)
  from space 27136K, 98% used [0x00000000efa00000,0x00000000f14140b8,0x00000000f1480000)
  to   space 29184K, 0% used [0x00000000f1480000,0x00000000f1480000,0x00000000f3100000)
 ParOldGen       total 132608K, used 79152K [0x00000000a0000000, 0x00000000a8180000, 0x00000000e0000000)
  object space 132608K, 59% used [0x00000000a0000000,0x00000000a4d4c0a0,0x00000000a8180000)
 Metaspace       used 90668K, capacity 94423K, committed 94616K, reserved 1130496K
  class space    used 11806K, capacity 12624K, committed 12696K, reserved 1048576K
}
Event: 3753.904 GC heap before
{Heap before GC invocations=21 (full 3):
 PSYoungGen      total 273920K, used 107785K [0x00000000e0000000, 0x00000000f3100000, 0x0000000100000000)
  eden space 246784K, 32% used [0x00000000e0000000,0x00000000e4f2e350,0x00000000ef100000)
  from space 27136K, 98% used [0x00000000efa00000,0x00000000f14140b8,0x00000000f1480000)
  to   space 29184K, 0% used [0x00000000f1480000,0x00000000f1480000,0x00000000f3100000)
 ParOldGen       total 132608K, used 79152K [0x00000000a0000000, 0x00000000a8180000, 0x00000000e0000000)
  object space 132608K, 59% used [0x00000000a0000000,0x00000000a4d4c0a0,0x00000000a8180000)
 Metaspace       used 94483K, capacity 98467K, committed 98584K, reserved 1134592K
  class space    used 12361K, capacity 13238K, committed 13336K, reserved 1048576K
Event: 3753.923 GC heap after
Heap after GC invocations=21 (full 3):
 PSYoungGen      total 259584K, used 21039K [0x00000000e0000000, 0x00000000f2980000, 0x0000000100000000)
  eden space 238080K, 0% used [0x00000000e0000000,0x00000000e0000000,0x00000000ee880000)
  from space 21504K, 97% used [0x00000000f1480000,0x00000000f290bdf0,0x00000000f2980000)
  to   space 33280K, 0% used [0x00000000ee880000,0x00000000ee880000,0x00000000f0900000)
 ParOldGen       total 132608K, used 79160K [0x00000000a0000000, 0x00000000a8180000, 0x00000000e0000000)
  object space 132608K, 59% used [0x00000000a0000000,0x00000000a4d4e0a0,0x00000000a8180000)
 Metaspace       used 94483K, capacity 98467K, committed 98584K, reserved 1134592K
  class space    used 12361K, capacity 13238K, committed 13336K, reserved 1048576K
}
Event: 3753.923 GC heap before
{Heap before GC invocations=22 (full 4):
 PSYoungGen      total 259584K, used 21039K [0x00000000e0000000, 0x00000000f2980000, 0x0000000100000000)
  eden space 238080K, 0% used [0x00000000e0000000,0x00000000e0000000,0x00000000ee880000)
  from space 21504K, 97% used [0x00000000f1480000,0x00000000f290bdf0,0x00000000f2980000)
  to   space 33280K, 0% used [0x00000000ee880000,0x00000000ee880000,0x00000000f0900000)
 ParOldGen       total 132608K, used 79160K [0x00000000a0000000, 0x00000000a8180000, 0x00000000e0000000)
  object space 132608K, 59% used [0x00000000a0000000,0x00000000a4d4e0a0,0x00000000a8180000)
 Metaspace       used 94483K, capacity 98467K, committed 98584K, reserved 1134592K
  class space    used 12361K, capacity 13238K, committed 13336K, reserved 1048576K
Event: 3754.194 GC heap after
Heap after GC invocations=22 (full 4):
 PSYoungGen      total 259584K, used 0K [0x00000000e0000000, 0x00000000f2980000, 0x0000000100000000)
  eden space 238080K, 0% used [0x00000000e0000000,0x00000000e0000000,0x00000000ee880000)
  from space 21504K, 0% used [0x00000000f1480000,0x00000000f1480000,0x00000000f2980000)
  to   space 33280K, 0% used [0x00000000ee880000,0x00000000ee880000,0x00000000f0900000)
 ParOldGen       total 200192K, used 58615K [0x00000000a0000000, 0x00000000ac380000, 0x00000000e0000000)
  object space 200192K, 29% used [0x00000000a0000000,0x00000000a393dc60,0x00000000ac380000)
 Metaspace       used 92779K, capacity 95429K, committed 98584K, reserved 1134592K
  class space    used 11996K, capacity 12547K, committed 13336K, reserved 1048576K
}
Event: 3763.447 GC heap before
{Heap before GC invocations=23 (full 4):
 PSYoungGen      total 259584K, used 238080K [0x00000000e0000000, 0x00000000f2980000, 0x0000000100000000)
  eden space 238080K, 100% used [0x00000000e0000000,0x00000000ee880000,0x00000000ee880000)
  from space 21504K, 0% used [0x00000000f1480000,0x00000000f1480000,0x00000000f2980000)
  to   space 33280K, 0% used [0x00000000ee880000,0x00000000ee880000,0x00000000f0900000)
 ParOldGen       total 200192K, used 58615K [0x00000000a0000000, 0x00000000ac380000, 0x00000000e0000000)
  object space 200192K, 29% used [0x00000000a0000000,0x00000000a393dc60,0x00000000ac380000)
 Metaspace       used 95232K, capacity 98237K, committed 100760K, reserved 1136640K
  class space    used 12353K, capacity 12944K, committed 13464K, reserved 1048576K
Event: 3763.473 GC heap after
Heap after GC invocations=23 (full 4):
 PSYoungGen      total 271360K, used 28339K [0x00000000e0000000, 0x00000000f4700000, 0x0000000100000000)
  eden space 238080K, 0% used [0x00000000e0000000,0x00000000e0000000,0x00000000ee880000)
  from space 33280K, 85% used [0x00000000ee880000,0x00000000f042cc38,0x00000000f0900000)
  to   space 36352K, 0% used [0x00000000f2380000,0x00000000f2380000,0x00000000f4700000)
 ParOldGen       total 200192K, used 58623K [0x00000000a0000000, 0x00000000ac380000, 0x00000000e0000000)
  object space 200192K, 29% used [0x00000000a0000000,0x00000000a393fc60,0x00000000ac380000)
 Metaspace       used 95232K, capacity 98237K, committed 100760K, reserved 1136640K
  class space    used 12353K, capacity 12944K, committed 13464K, reserved 1048576K
}

