# JRE version: OpenJDK Runtime Environment (8.0_152-b01) (build 1.8.0_152-release-1343-b01)
# Java VM: OpenJDK 64-Bit Server VM (25.152-b01 mixed mode windows-amd64 compressed oops)
Heap:
 PSYoungGen      total 325120K, used 78660K [0x00000000e0000000, 0x00000000fc800000, 0x0000000100000000)
  eden space 287744K, 24% used [0x00000000e0000000,0x00000000e4557598,0x00000000f1900000)
  from space 37376K, 20% used [0x00000000f5c00000,0x00000000f6379c00,0x00000000f8080000)
  to   space 68608K, 0% used [0x00000000f1900000,0x00000000f1900000,0x00000000f5c00000)
 ParOldGen       total 134144K, used 133689K [0x00000000a0000000, 0x00000000a8300000, 0x00000000e0000000)
  object space 134144K, 99% used [0x00000000a0000000,0x00000000a828e5b0,0x00000000a8300000)
 Metaspace       used 87955K, capacity 90614K, committed 91224K, reserved 1128448K
  class space    used 10986K, capacity 11549K, committed 11648K, reserved 1048576K
GC Heap History (10 events):
Event: 31.595 GC heap before
{Heap before GC invocations=18 (full 3):
 PSYoungGen      total 266240K, used 266221K [0x00000000e0000000, 0x00000000f2680000, 0x0000000100000000)
  eden space 244224K, 100% used [0x00000000e0000000,0x00000000eee80000,0x00000000eee80000)
  from space 22016K, 99% used [0x00000000f0980000,0x00000000f1efb728,0x00000000f1f00000)
  to   space 27648K, 0% used [0x00000000eee80000,0x00000000eee80000,0x00000000f0980000)
 ParOldGen       total 116224K, used 37367K [0x00000000a0000000, 0x00000000a7180000, 0x00000000e0000000)
  object space 116224K, 32% used [0x00000000a0000000,0x00000000a247dc00,0x00000000a7180000)
 Metaspace       used 70901K, capacity 72800K, committed 73048K, reserved 1112064K
  class space    used 9102K, capacity 9548K, committed 9600K, reserved 1048576K
Event: 31.627 GC heap after
Heap after GC invocations=18 (full 3):
 PSYoungGen      total 271872K, used 12837K [0x00000000e0000000, 0x00000000f4f00000, 0x0000000100000000)
  eden space 244224K, 0% used [0x00000000e0000000,0x00000000e0000000,0x00000000eee80000)
  from space 27648K, 46% used [0x00000000eee80000,0x00000000efb09710,0x00000000f0980000)
  to   space 26624K, 0% used [0x00000000f3500000,0x00000000f3500000,0x00000000f4f00000)
 ParOldGen       total 116224K, used 58542K [0x00000000a0000000, 0x00000000a7180000, 0x00000000e0000000)
  object space 116224K, 50% used [0x00000000a0000000,0x00000000a392bb10,0x00000000a7180000)
 Metaspace       used 70901K, capacity 72800K, committed 73048K, reserved 1112064K
  class space    used 9102K, capacity 9548K, committed 9600K, reserved 1048576K
}
Event: 37.935 GC heap before
{Heap before GC invocations=19 (full 3):
 PSYoungGen      total 271872K, used 257061K [0x00000000e0000000, 0x00000000f4f00000, 0x0000000100000000)
  eden space 244224K, 100% used [0x00000000e0000000,0x00000000eee80000,0x00000000eee80000)
  from space 27648K, 46% used [0x00000000eee80000,0x00000000efb09710,0x00000000f0980000)
  to   space 26624K, 0% used [0x00000000f3500000,0x00000000f3500000,0x00000000f4f00000)
 ParOldGen       total 116224K, used 58542K [0x00000000a0000000, 0x00000000a7180000, 0x00000000e0000000)
  object space 116224K, 50% used [0x00000000a0000000,0x00000000a392bb10,0x00000000a7180000)
 Metaspace       used 77026K, capacity 79012K, committed 79320K, reserved 1118208K
  class space    used 9741K, capacity 10204K, committed 10240K, reserved 1048576K
Event: 37.984 GC heap after
Heap after GC invocations=19 (full 3):
 PSYoungGen      total 312832K, used 25506K [0x00000000e0000000, 0x00000000f5280000, 0x0000000100000000)
  eden space 286208K, 0% used [0x00000000e0000000,0x00000000e0000000,0x00000000f1780000)
  from space 26624K, 95% used [0x00000000f3500000,0x00000000f4de8ab8,0x00000000f4f00000)
  to   space 30208K, 0% used [0x00000000f1780000,0x00000000f1780000,0x00000000f3500000)
 ParOldGen       total 116224K, used 58550K [0x00000000a0000000, 0x00000000a7180000, 0x00000000e0000000)
  object space 116224K, 50% used [0x00000000a0000000,0x00000000a392db10,0x00000000a7180000)
 Metaspace       used 77026K, capacity 79012K, committed 79320K, reserved 1118208K
  class space    used 9741K, capacity 10204K, committed 10240K, reserved 1048576K
}
Event: 40.821 GC heap before
{Heap before GC invocations=20 (full 3):
 PSYoungGen      total 312832K, used 311490K [0x00000000e0000000, 0x00000000f5280000, 0x0000000100000000)
  eden space 286208K, 99% used [0x00000000e0000000,0x00000000f1747ef8,0x00000000f1780000)
  from space 26624K, 95% used [0x00000000f3500000,0x00000000f4de8ab8,0x00000000f4f00000)
  to   space 30208K, 0% used [0x00000000f1780000,0x00000000f1780000,0x00000000f3500000)
 ParOldGen       total 116224K, used 58550K [0x00000000a0000000, 0x00000000a7180000, 0x00000000e0000000)
  object space 116224K, 50% used [0x00000000a0000000,0x00000000a392db10,0x00000000a7180000)
 Metaspace       used 86719K, capacity 89564K, committed 89816K, reserved 1128448K
  class space    used 10865K, capacity 11470K, committed 11520K, reserved 1048576K
Event: 40.857 GC heap after
Heap after GC invocations=20 (full 3):
 PSYoungGen      total 316416K, used 30181K [0x00000000e0000000, 0x00000000f8080000, 0x0000000100000000)
  eden space 286208K, 0% used [0x00000000e0000000,0x00000000e0000000,0x00000000f1780000)
  from space 30208K, 99% used [0x00000000f1780000,0x00000000f34f9530,0x00000000f3500000)
  to   space 37376K, 0% used [0x00000000f5c00000,0x00000000f5c00000,0x00000000f8080000)
 ParOldGen       total 116224K, used 66372K [0x00000000a0000000, 0x00000000a7180000, 0x00000000e0000000)
  object space 116224K, 57% used [0x00000000a0000000,0x00000000a40d10d0,0x00000000a7180000)
 Metaspace       used 86719K, capacity 89564K, committed 89816K, reserved 1128448K
  class space    used 10865K, capacity 11470K, committed 11520K, reserved 1048576K
}
Event: 43.642 GC heap before
{Heap before GC invocations=21 (full 3):
 PSYoungGen      total 316416K, used 316389K [0x00000000e0000000, 0x00000000f8080000, 0x0000000100000000)
  eden space 286208K, 100% used [0x00000000e0000000,0x00000000f1780000,0x00000000f1780000)
  from space 30208K, 99% used [0x00000000f1780000,0x00000000f34f9530,0x00000000f3500000)
  to   space 37376K, 0% used [0x00000000f5c00000,0x00000000f5c00000,0x00000000f8080000)
 ParOldGen       total 116224K, used 66372K [0x00000000a0000000, 0x00000000a7180000, 0x00000000e0000000)
  object space 116224K, 57% used [0x00000000a0000000,0x00000000a40d10d0,0x00000000a7180000)
 Metaspace       used 88091K, capacity 90998K, committed 91224K, reserved 1128448K
  class space    used 11032K, capacity 11629K, committed 11648K, reserved 1048576K
Event: 43.751 GC heap after
Heap after GC invocations=21 (full 3):
 PSYoungGen      total 325120K, used 37364K [0x00000000e0000000, 0x00000000fc800000, 0x0000000100000000)
  eden space 287744K, 0% used [0x00000000e0000000,0x00000000e0000000,0x00000000f1900000)
  from space 37376K, 99% used [0x00000000f5c00000,0x00000000f807d3a0,0x00000000f8080000)
  to   space 68608K, 0% used [0x00000000f1900000,0x00000000f1900000,0x00000000f5c00000)
 ParOldGen       total 134144K, used 133925K [0x00000000a0000000, 0x00000000a8300000, 0x00000000e0000000)
  object space 134144K, 99% used [0x00000000a0000000,0x00000000a82c9748,0x00000000a8300000)
 Metaspace       used 88091K, capacity 90998K, committed 91224K, reserved 1128448K
  class space    used 11032K, capacity 11629K, committed 11648K, reserved 1048576K
}
Event: 43.751 GC heap before
{Heap before GC invocations=22 (full 4):
 PSYoungGen      total 325120K, used 37364K [0x00000000e0000000, 0x00000000fc800000, 0x0000000100000000)
  eden space 287744K, 0% used [0x00000000e0000000,0x00000000e0000000,0x00000000f1900000)
  from space 37376K, 99% used [0x00000000f5c00000,0x00000000f807d3a0,0x00000000f8080000)
  to   space 68608K, 0% used [0x00000000f1900000,0x00000000f1900000,0x00000000f5c00000)
 ParOldGen       total 134144K, used 133925K [0x00000000a0000000, 0x00000000a8300000, 0x00000000e0000000)
  object space 134144K, 99% used [0x00000000a0000000,0x00000000a82c9748,0x00000000a8300000)
 Metaspace       used 88091K, capacity 90998K, committed 91224K, reserved 1128448K
  class space    used 11032K, capacity 11629K, committed 11648K, reserved 1048576K
Event: 44.516 GC heap after
Heap after GC invocations=22 (full 4):
 PSYoungGen      total 325120K, used 7655K [0x00000000e0000000, 0x00000000fc800000, 0x0000000100000000)
  eden space 287744K, 0% used [0x00000000e0000000,0x00000000e0000000,0x00000000f1900000)
  from space 37376K, 20% used [0x00000000f5c00000,0x00000000f6379c00,0x00000000f8080000)
  to   space 68608K, 0% used [0x00000000f1900000,0x00000000f1900000,0x00000000f5c00000)
 ParOldGen       total 134144K, used 133689K [0x00000000a0000000, 0x00000000a8300000, 0x00000000e0000000)
  object space 134144K, 99% used [0x00000000a0000000,0x00000000a828e5b0,0x00000000a8300000)
 Metaspace       used 87955K, capacity 90614K, committed 91224K, reserved 1128448K
  class space    used 10986K, capacity 11549K, committed 11648K, reserved 1048576K
}

